{"/Users/erian/rocket-system-api/src/index.ts": {"path":"/Users/erian/rocket-system-api/src/index.ts","statementMap":{"0":{"start":{"line":1,"column":0},"end":{"line":1,"column":26}},"1":{"start":{"line":2,"column":0},"end":{"line":2,"column":30}},"2":{"start":{"line":3,"column":0},"end":{"line":3,"column":41}},"3":{"start":{"line":4,"column":0},"end":{"line":4,"column":37}},"4":{"start":{"line":5,"column":0},"end":{"line":5,"column":41}},"5":{"start":{"line":7,"column":0},"end":{"line":13,"column":null}},"6":{"start":{"line":9,"column":8},"end":{"line":9,"column":null}},"7":{"start":{"line":12,"column":8},"end":{"line":12,"column":null}},"8":{"start":{"line":15,"column":12},"end":{"line":15,"column":21}},"9":{"start":{"line":17,"column":0},"end":{"line":17,"column":27}},"10":{"start":{"line":19,"column":0},"end":{"line":19,"column":16}},"11":{"start":{"line":22,"column":0},"end":{"line":24,"column":null}},"12":{"start":{"line":23,"column":4},"end":{"line":23,"column":77}},"13":{"start":{"line":26,"column":0},"end":{"line":26,"column":48}},"14":{"start":{"line":26,"column":23},"end":{"line":26,"column":46}}},"fnMap":{"0":{"name":"(anonymous_1)","decl":{"start":{"line":8,"column":10},"end":{"line":8,"column":13}},"loc":{"start":{"line":8,"column":15},"end":{"line":10,"column":5}}},"1":{"name":"(anonymous_2)","decl":{"start":{"line":11,"column":11},"end":{"line":11,"column":12}},"loc":{"start":{"line":11,"column":19},"end":{"line":13,"column":5}}},"2":{"name":"(anonymous_3)","decl":{"start":{"line":22,"column":13},"end":{"line":22,"column":14}},"loc":{"start":{"line":22,"column":26},"end":{"line":24,"column":1}}},"3":{"name":"(anonymous_4)","decl":{"start":{"line":26,"column":17},"end":{"line":26,"column":20}},"loc":{"start":{"line":26,"column":23},"end":{"line":26,"column":46}}}},"branchMap":{},"s":{"0":0,"1":0,"2":0,"3":0,"4":0,"5":0,"6":0,"7":0,"8":0,"9":0,"10":0,"11":0,"12":0,"13":0,"14":0},"f":{"0":0,"1":0,"2":0,"3":0},"b":{}}
,"/Users/erian/rocket-system-api/src/controllers/crudController.ts": {"path":"/Users/erian/rocket-system-api/src/controllers/crudController.ts","statementMap":{"0":{"start":{"line":2,"column":0},"end":{"line":2,"column":36}},"1":{"start":{"line":13,"column":5},"end":{"line":21,"column":null}},"2":{"start":{"line":13,"column":64},"end":{"line":21,"column":null}},"3":{"start":{"line":14,"column":8},"end":{"line":20,"column":null}},"4":{"start":{"line":15,"column":27},"end":{"line":15,"column":51}},"5":{"start":{"line":16,"column":12},"end":{"line":16,"column":41}},"6":{"start":{"line":19,"column":12},"end":{"line":19,"column":58}},"7":{"start":{"line":23,"column":4},"end":{"line":32,"column":null}},"8":{"start":{"line":23,"column":66},"end":{"line":32,"column":null}},"9":{"start":{"line":24,"column":8},"end":{"line":31,"column":null}},"10":{"start":{"line":25,"column":23},"end":{"line":25,"column":40}},"11":{"start":{"line":26,"column":27},"end":{"line":26,"column":57}},"12":{"start":{"line":27,"column":12},"end":{"line":27,"column":41}},"13":{"start":{"line":30,"column":12},"end":{"line":30,"column":58}},"14":{"start":{"line":34,"column":4},"end":{"line":44,"column":null}},"15":{"start":{"line":34,"column":65},"end":{"line":44,"column":null}},"16":{"start":{"line":35,"column":8},"end":{"line":43,"column":null}},"17":{"start":{"line":36,"column":23},"end":{"line":36,"column":31}},"18":{"start":{"line":37,"column":25},"end":{"line":37,"column":37}},"19":{"start":{"line":38,"column":27},"end":{"line":38,"column":58}},"20":{"start":{"line":39,"column":12},"end":{"line":39,"column":41}},"21":{"start":{"line":42,"column":12},"end":{"line":42,"column":58}},"22":{"start":{"line":46,"column":4},"end":{"line":56,"column":null}},"23":{"start":{"line":46,"column":65},"end":{"line":56,"column":null}},"24":{"start":{"line":47,"column":8},"end":{"line":55,"column":null}},"25":{"start":{"line":48,"column":23},"end":{"line":48,"column":40}},"26":{"start":{"line":49,"column":25},"end":{"line":49,"column":37}},"27":{"start":{"line":50,"column":27},"end":{"line":50,"column":62}},"28":{"start":{"line":51,"column":12},"end":{"line":51,"column":41}},"29":{"start":{"line":54,"column":12},"end":{"line":54,"column":58}},"30":{"start":{"line":57,"column":4},"end":{"line":66,"column":null}},"31":{"start":{"line":57,"column":65},"end":{"line":66,"column":null}},"32":{"start":{"line":58,"column":8},"end":{"line":65,"column":null}},"33":{"start":{"line":59,"column":23},"end":{"line":59,"column":40}},"34":{"start":{"line":60,"column":12},"end":{"line":60,"column":36}},"35":{"start":{"line":61,"column":12},"end":{"line":61,"column":46}},"36":{"start":{"line":64,"column":12},"end":{"line":64,"column":58}},"37":{"start":{"line":10,"column":8},"end":{"line":10,"column":31}},"38":{"start":{"line":71,"column":4},"end":{"line":71,"column":18}}},"fnMap":{"0":{"name":"(anonymous_7)","decl":{"start":{"line":9,"column":4},"end":{"line":9,"column":16}},"loc":{"start":{"line":9,"column":45},"end":{"line":11,"column":5}}},"1":{"name":"(anonymous_8)","decl":{"start":{"line":13,"column":17},"end":{"line":13,"column":24}},"loc":{"start":{"line":13,"column":64},"end":{"line":21,"column":null}}},"2":{"name":"(anonymous_9)","decl":{"start":{"line":13,"column":64},"end":{"line":13,"column":null}},"loc":{"start":{"line":13,"column":64},"end":{"line":21,"column":5}}},"3":{"name":"(anonymous_10)","decl":{"start":{"line":23,"column":20},"end":{"line":23,"column":26}},"loc":{"start":{"line":23,"column":66},"end":{"line":32,"column":null}}},"4":{"name":"(anonymous_11)","decl":{"start":{"line":23,"column":66},"end":{"line":23,"column":null}},"loc":{"start":{"line":23,"column":66},"end":{"line":32,"column":5}}},"5":{"name":"(anonymous_12)","decl":{"start":{"line":34,"column":19},"end":{"line":34,"column":25}},"loc":{"start":{"line":34,"column":65},"end":{"line":44,"column":null}}},"6":{"name":"(anonymous_13)","decl":{"start":{"line":34,"column":65},"end":{"line":34,"column":null}},"loc":{"start":{"line":34,"column":65},"end":{"line":44,"column":5}}},"7":{"name":"(anonymous_14)","decl":{"start":{"line":46,"column":19},"end":{"line":46,"column":25}},"loc":{"start":{"line":46,"column":65},"end":{"line":56,"column":null}}},"8":{"name":"(anonymous_15)","decl":{"start":{"line":46,"column":65},"end":{"line":46,"column":null}},"loc":{"start":{"line":46,"column":65},"end":{"line":56,"column":5}}},"9":{"name":"(anonymous_16)","decl":{"start":{"line":57,"column":19},"end":{"line":57,"column":25}},"loc":{"start":{"line":57,"column":65},"end":{"line":66,"column":null}}},"10":{"name":"(anonymous_17)","decl":{"start":{"line":57,"column":65},"end":{"line":57,"column":null}},"loc":{"start":{"line":57,"column":65},"end":{"line":66,"column":5}}}},"branchMap":{},"s":{"0":0,"1":0,"2":0,"3":0,"4":0,"5":0,"6":0,"7":0,"8":0,"9":0,"10":0,"11":0,"12":0,"13":0,"14":0,"15":0,"16":0,"17":0,"18":0,"19":0,"20":0,"21":0,"22":0,"23":0,"24":0,"25":0,"26":0,"27":0,"28":0,"29":0,"30":0,"31":0,"32":0,"33":0,"34":0,"35":0,"36":0,"37":0,"38":0},"f":{"0":0,"1":0,"2":0,"3":0,"4":0,"5":0,"6":0,"7":0,"8":0,"9":0,"10":0},"b":{}}
,"/Users/erian/rocket-system-api/src/routes/router.ts": {"path":"/Users/erian/rocket-system-api/src/routes/router.ts","statementMap":{"0":{"start":{"line":1,"column":0},"end":{"line":1,"column":30}},"1":{"start":{"line":2,"column":0},"end":{"line":2,"column":63}},"2":{"start":{"line":3,"column":0},"end":{"line":3,"column":87}},"3":{"start":{"line":6,"column":20},"end":{"line":21,"column":1}},"4":{"start":{"line":7,"column":29},"end":{"line":7,"column":56}},"5":{"start":{"line":9,"column":25},"end":{"line":9,"column":41}},"6":{"start":{"line":11,"column":4},"end":{"line":13,"column":45}},"7":{"start":{"line":15,"column":4},"end":{"line":18,"column":47}},"8":{"start":{"line":20,"column":4},"end":{"line":20,"column":24}},"9":{"start":{"line":23,"column":15},"end":{"line":23,"column":31}},"10":{"start":{"line":31,"column":4},"end":{"line":31,"column":10}},"11":{"start":{"line":25,"column":0},"end":{"line":25,"column":49}},"12":{"start":{"line":26,"column":0},"end":{"line":26,"column":51}},"13":{"start":{"line":27,"column":0},"end":{"line":27,"column":45}},"14":{"start":{"line":28,"column":0},"end":{"line":28,"column":49}}},"fnMap":{"0":{"name":"(anonymous_1)","decl":{"start":{"line":6,"column":20},"end":{"line":6,"column":27}},"loc":{"start":{"line":6,"column":74},"end":{"line":21,"column":1}}}},"branchMap":{},"s":{"0":0,"1":0,"2":0,"3":0,"4":0,"5":0,"6":0,"7":0,"8":0,"9":0,"10":0,"11":0,"12":0,"13":0,"14":0},"f":{"0":0},"b":{}}
,"/Users/erian/rocket-system-api/src/service/crewService.ts": {"path":"/Users/erian/rocket-system-api/src/service/crewService.ts","statementMap":{"0":{"start":{"line":13,"column":8},"end":{"line":13,"column":39}},"1":{"start":{"line":14,"column":8},"end":{"line":14,"column":45}},"2":{"start":{"line":17,"column":8},"end":{"line":17,"column":51}},"3":{"start":{"line":21,"column":21},"end":{"line":21,"column":57}},"4":{"start":{"line":23,"column":8},"end":{"line":24,"column":50}},"5":{"start":{"line":24,"column":12},"end":{"line":24,"column":50}},"6":{"start":{"line":26,"column":8},"end":{"line":26,"column":20}},"7":{"start":{"line":30,"column":22},"end":{"line":30,"column":24}},"8":{"start":{"line":31,"column":8},"end":{"line":34,"column":null}},"9":{"start":{"line":32,"column":27},"end":{"line":32,"column":75}},"10":{"start":{"line":33,"column":12},"end":{"line":33,"column":34}},"11":{"start":{"line":35,"column":8},"end":{"line":35,"column":71}},"12":{"start":{"line":39,"column":21},"end":{"line":39,"column":43}},"13":{"start":{"line":41,"column":22},"end":{"line":41,"column":24}},"14":{"start":{"line":42,"column":8},"end":{"line":45,"column":null}},"15":{"start":{"line":43,"column":27},"end":{"line":43,"column":75}},"16":{"start":{"line":44,"column":12},"end":{"line":44,"column":34}},"17":{"start":{"line":47,"column":8},"end":{"line":48,"column":72}},"18":{"start":{"line":48,"column":12},"end":{"line":48,"column":72}},"19":{"start":{"line":52,"column":21},"end":{"line":52,"column":43}},"20":{"start":{"line":53,"column":8},"end":{"line":54,"column":49}},"21":{"start":{"line":54,"column":12},"end":{"line":54,"column":49}},"22":{"start":{"line":59,"column":4},"end":{"line":59,"column":15}}},"fnMap":{"0":{"name":"(anonymous_7)","decl":{"start":{"line":12,"column":4},"end":{"line":12,"column":16}},"loc":{"start":{"line":12,"column":72},"end":{"line":15,"column":5}}},"1":{"name":"(anonymous_8)","decl":{"start":{"line":16,"column":10},"end":{"line":16,"column":13}},"loc":{"start":{"line":16,"column":13},"end":{"line":18,"column":null}}},"2":{"name":"(anonymous_10)","decl":{"start":{"line":20,"column":10},"end":{"line":20,"column":17}},"loc":{"start":{"line":20,"column":32},"end":{"line":27,"column":null}}},"3":{"name":"(anonymous_12)","decl":{"start":{"line":29,"column":10},"end":{"line":29,"column":16}},"loc":{"start":{"line":29,"column":36},"end":{"line":36,"column":null}}},"4":{"name":"(anonymous_14)","decl":{"start":{"line":38,"column":10},"end":{"line":38,"column":16}},"loc":{"start":{"line":38,"column":57},"end":{"line":49,"column":null}}},"5":{"name":"(anonymous_16)","decl":{"start":{"line":51,"column":10},"end":{"line":51,"column":16}},"loc":{"start":{"line":51,"column":27},"end":{"line":55,"column":null}}}},"branchMap":{"0":{"loc":{"start":{"line":23,"column":8},"end":{"line":24,"column":50}},"type":"if","locations":[{"start":{"line":23,"column":8},"end":{"line":24,"column":50}}]},"1":{"loc":{"start":{"line":47,"column":8},"end":{"line":48,"column":72}},"type":"if","locations":[{"start":{"line":47,"column":8},"end":{"line":48,"column":72}}]},"2":{"loc":{"start":{"line":53,"column":8},"end":{"line":54,"column":49}},"type":"if","locations":[{"start":{"line":53,"column":8},"end":{"line":54,"column":49}}]}},"s":{"0":0,"1":0,"2":0,"3":0,"4":0,"5":0,"6":0,"7":0,"8":0,"9":0,"10":0,"11":0,"12":0,"13":0,"14":0,"15":0,"16":0,"17":0,"18":0,"19":0,"20":0,"21":0,"22":0},"f":{"0":0,"1":0,"2":0,"3":0,"4":0,"5":0},"b":{"0":[0],"1":[0],"2":[0]}}
,"/Users/erian/rocket-system-api/src/service/crewmanService.ts": {"path":"/Users/erian/rocket-system-api/src/service/crewmanService.ts","statementMap":{"0":{"start":{"line":10,"column":8},"end":{"line":10,"column":45}},"1":{"start":{"line":14,"column":8},"end":{"line":14,"column":54}},"2":{"start":{"line":18,"column":24},"end":{"line":18,"column":72}},"3":{"start":{"line":20,"column":8},"end":{"line":21,"column":51}},"4":{"start":{"line":21,"column":12},"end":{"line":21,"column":51}},"5":{"start":{"line":23,"column":8},"end":{"line":23,"column":23}},"6":{"start":{"line":27,"column":8},"end":{"line":27,"column":57}},"7":{"start":{"line":31,"column":24},"end":{"line":31,"column":46}},"8":{"start":{"line":33,"column":8},"end":{"line":34,"column":82}},"9":{"start":{"line":34,"column":12},"end":{"line":34,"column":82}},"10":{"start":{"line":38,"column":24},"end":{"line":38,"column":46}},"11":{"start":{"line":39,"column":8},"end":{"line":40,"column":52}},"12":{"start":{"line":40,"column":12},"end":{"line":40,"column":52}},"13":{"start":{"line":45,"column":4},"end":{"line":45,"column":18}}},"fnMap":{"0":{"name":"(anonymous_7)","decl":{"start":{"line":9,"column":4},"end":{"line":9,"column":16}},"loc":{"start":{"line":9,"column":46},"end":{"line":11,"column":5}}},"1":{"name":"(anonymous_8)","decl":{"start":{"line":13,"column":10},"end":{"line":13,"column":13}},"loc":{"start":{"line":13,"column":13},"end":{"line":15,"column":null}}},"2":{"name":"(anonymous_10)","decl":{"start":{"line":17,"column":10},"end":{"line":17,"column":17}},"loc":{"start":{"line":17,"column":35},"end":{"line":24,"column":null}}},"3":{"name":"(anonymous_12)","decl":{"start":{"line":26,"column":10},"end":{"line":26,"column":16}},"loc":{"start":{"line":26,"column":30},"end":{"line":28,"column":null}}},"4":{"name":"(anonymous_14)","decl":{"start":{"line":30,"column":10},"end":{"line":30,"column":16}},"loc":{"start":{"line":30,"column":51},"end":{"line":35,"column":null}}},"5":{"name":"(anonymous_16)","decl":{"start":{"line":37,"column":10},"end":{"line":37,"column":16}},"loc":{"start":{"line":37,"column":27},"end":{"line":41,"column":null}}}},"branchMap":{"0":{"loc":{"start":{"line":20,"column":8},"end":{"line":21,"column":51}},"type":"if","locations":[{"start":{"line":20,"column":8},"end":{"line":21,"column":51}}]},"1":{"loc":{"start":{"line":33,"column":8},"end":{"line":34,"column":82}},"type":"if","locations":[{"start":{"line":33,"column":8},"end":{"line":34,"column":82}}]},"2":{"loc":{"start":{"line":39,"column":8},"end":{"line":40,"column":52}},"type":"if","locations":[{"start":{"line":39,"column":8},"end":{"line":40,"column":52}}]}},"s":{"0":6,"1":1,"2":4,"3":4,"4":2,"5":2,"6":1,"7":1,"8":1,"9":1,"10":0,"11":0,"12":0,"13":1},"f":{"0":6,"1":1,"2":4,"3":1,"4":1,"5":0},"b":{"0":[2],"1":[1],"2":[0]}}
,"/Users/erian/rocket-system-api/src/service/index.ts": {"path":"/Users/erian/rocket-system-api/src/service/index.ts","statementMap":{"0":{"start":{"line":1,"column":0},"end":{"line":1,"column":48}},"1":{"start":{"line":2,"column":0},"end":{"line":2,"column":50}},"2":{"start":{"line":3,"column":0},"end":{"line":3,"column":44}},"3":{"start":{"line":4,"column":0},"end":{"line":4,"column":48}},"4":{"start":{"line":5,"column":0},"end":{"line":5,"column":102}},"5":{"start":{"line":7,"column":22},"end":{"line":7,"column":57}},"6":{"start":{"line":13,"column":4},"end":{"line":13,"column":17}},"7":{"start":{"line":8,"column":23},"end":{"line":8,"column":60}},"8":{"start":{"line":14,"column":4},"end":{"line":14,"column":18}},"9":{"start":{"line":9,"column":20},"end":{"line":9,"column":70}},"10":{"start":{"line":15,"column":4},"end":{"line":15,"column":15}},"11":{"start":{"line":10,"column":22},"end":{"line":10,"column":91}},"12":{"start":{"line":16,"column":4},"end":{"line":16,"column":17}}},"fnMap":{},"branchMap":{},"s":{"0":0,"1":0,"2":0,"3":0,"4":0,"5":0,"6":0,"7":0,"8":0,"9":0,"10":0,"11":0,"12":0},"f":{},"b":{}}
,"/Users/erian/rocket-system-api/src/service/launchService.ts": {"path":"/Users/erian/rocket-system-api/src/service/launchService.ts","statementMap":{"0":{"start":{"line":15,"column":8},"end":{"line":15,"column":43}},"1":{"start":{"line":16,"column":8},"end":{"line":16,"column":43}},"2":{"start":{"line":17,"column":8},"end":{"line":17,"column":39}},"3":{"start":{"line":22,"column":8},"end":{"line":22,"column":53}},"4":{"start":{"line":26,"column":23},"end":{"line":26,"column":63}},"5":{"start":{"line":28,"column":8},"end":{"line":29,"column":50}},"6":{"start":{"line":29,"column":12},"end":{"line":29,"column":50}},"7":{"start":{"line":31,"column":8},"end":{"line":31,"column":22}},"8":{"start":{"line":35,"column":23},"end":{"line":35,"column":74}},"9":{"start":{"line":36,"column":21},"end":{"line":36,"column":68}},"10":{"start":{"line":38,"column":8},"end":{"line":38,"column":100}},"11":{"start":{"line":43,"column":23},"end":{"line":43,"column":45}},"12":{"start":{"line":45,"column":23},"end":{"line":45,"column":74}},"13":{"start":{"line":46,"column":21},"end":{"line":46,"column":68}},"14":{"start":{"line":48,"column":8},"end":{"line":49,"column":112}},"15":{"start":{"line":49,"column":12},"end":{"line":49,"column":112}},"16":{"start":{"line":53,"column":23},"end":{"line":53,"column":45}},"17":{"start":{"line":54,"column":8},"end":{"line":55,"column":51}},"18":{"start":{"line":55,"column":12},"end":{"line":55,"column":51}},"19":{"start":{"line":60,"column":4},"end":{"line":60,"column":17}}},"fnMap":{"0":{"name":"(anonymous_7)","decl":{"start":{"line":14,"column":4},"end":{"line":14,"column":16}},"loc":{"start":{"line":14,"column":100},"end":{"line":18,"column":5}}},"1":{"name":"(anonymous_8)","decl":{"start":{"line":21,"column":10},"end":{"line":21,"column":13}},"loc":{"start":{"line":21,"column":13},"end":{"line":23,"column":null}}},"2":{"name":"(anonymous_10)","decl":{"start":{"line":25,"column":10},"end":{"line":25,"column":17}},"loc":{"start":{"line":25,"column":34},"end":{"line":32,"column":null}}},"3":{"name":"(anonymous_12)","decl":{"start":{"line":34,"column":10},"end":{"line":34,"column":16}},"loc":{"start":{"line":34,"column":38},"end":{"line":39,"column":null}}},"4":{"name":"(anonymous_14)","decl":{"start":{"line":41,"column":10},"end":{"line":41,"column":16}},"loc":{"start":{"line":41,"column":59},"end":{"line":50,"column":null}}},"5":{"name":"(anonymous_16)","decl":{"start":{"line":52,"column":10},"end":{"line":52,"column":16}},"loc":{"start":{"line":52,"column":27},"end":{"line":56,"column":null}}}},"branchMap":{"0":{"loc":{"start":{"line":28,"column":8},"end":{"line":29,"column":50}},"type":"if","locations":[{"start":{"line":28,"column":8},"end":{"line":29,"column":50}}]},"1":{"loc":{"start":{"line":48,"column":8},"end":{"line":49,"column":112}},"type":"if","locations":[{"start":{"line":48,"column":8},"end":{"line":49,"column":112}}]},"2":{"loc":{"start":{"line":54,"column":8},"end":{"line":55,"column":51}},"type":"if","locations":[{"start":{"line":54,"column":8},"end":{"line":55,"column":51}}]}},"s":{"0":0,"1":0,"2":0,"3":0,"4":0,"5":0,"6":0,"7":0,"8":0,"9":0,"10":0,"11":0,"12":0,"13":0,"14":0,"15":0,"16":0,"17":0,"18":0,"19":0},"f":{"0":0,"1":0,"2":0,"3":0,"4":0,"5":0},"b":{"0":[0],"1":[0],"2":[0]}}
,"/Users/erian/rocket-system-api/src/service/rocketService.ts": {"path":"/Users/erian/rocket-system-api/src/service/rocketService.ts","statementMap":{"0":{"start":{"line":10,"column":8},"end":{"line":10,"column":49}},"1":{"start":{"line":14,"column":8},"end":{"line":14,"column":53}},"2":{"start":{"line":18,"column":23},"end":{"line":18,"column":69}},"3":{"start":{"line":19,"column":8},"end":{"line":20,"column":51}},"4":{"start":{"line":20,"column":12},"end":{"line":20,"column":51}},"5":{"start":{"line":22,"column":8},"end":{"line":22,"column":22}},"6":{"start":{"line":26,"column":8},"end":{"line":26,"column":50}},"7":{"start":{"line":30,"column":23},"end":{"line":30,"column":45}},"8":{"start":{"line":32,"column":8},"end":{"line":33,"column":67}},"9":{"start":{"line":33,"column":12},"end":{"line":33,"column":67}},"10":{"start":{"line":37,"column":23},"end":{"line":37,"column":45}},"11":{"start":{"line":38,"column":8},"end":{"line":39,"column":51}},"12":{"start":{"line":39,"column":12},"end":{"line":39,"column":51}},"13":{"start":{"line":44,"column":4},"end":{"line":44,"column":17}}},"fnMap":{"0":{"name":"(anonymous_7)","decl":{"start":{"line":9,"column":4},"end":{"line":9,"column":16}},"loc":{"start":{"line":9,"column":50},"end":{"line":11,"column":5}}},"1":{"name":"(anonymous_8)","decl":{"start":{"line":13,"column":10},"end":{"line":13,"column":13}},"loc":{"start":{"line":13,"column":13},"end":{"line":15,"column":null}}},"2":{"name":"(anonymous_10)","decl":{"start":{"line":17,"column":10},"end":{"line":17,"column":17}},"loc":{"start":{"line":17,"column":34},"end":{"line":23,"column":null}}},"3":{"name":"(anonymous_12)","decl":{"start":{"line":25,"column":10},"end":{"line":25,"column":16}},"loc":{"start":{"line":25,"column":29},"end":{"line":27,"column":null}}},"4":{"name":"(anonymous_14)","decl":{"start":{"line":29,"column":10},"end":{"line":29,"column":16}},"loc":{"start":{"line":29,"column":50},"end":{"line":34,"column":null}}},"5":{"name":"(anonymous_16)","decl":{"start":{"line":36,"column":10},"end":{"line":36,"column":16}},"loc":{"start":{"line":36,"column":27},"end":{"line":40,"column":null}}}},"branchMap":{"0":{"loc":{"start":{"line":19,"column":8},"end":{"line":20,"column":51}},"type":"if","locations":[{"start":{"line":19,"column":8},"end":{"line":20,"column":51}}]},"1":{"loc":{"start":{"line":32,"column":8},"end":{"line":33,"column":67}},"type":"if","locations":[{"start":{"line":32,"column":8},"end":{"line":33,"column":67}}]},"2":{"loc":{"start":{"line":38,"column":8},"end":{"line":39,"column":51}},"type":"if","locations":[{"start":{"line":38,"column":8},"end":{"line":39,"column":51}}]}},"s":{"0":6,"1":1,"2":4,"3":4,"4":1,"5":3,"6":1,"7":1,"8":1,"9":1,"10":0,"11":0,"12":0,"13":1},"f":{"0":6,"1":1,"2":4,"3":1,"4":1,"5":0},"b":{"0":[1],"1":[1],"2":[0]}}
}
