TN:
SF:src/index.ts
FN:8,(anonymous_1)
FN:11,(anonymous_2)
FN:22,(anonymous_3)
FN:26,(anonymous_4)
FNF:4
FNH:0
FNDA:0,(anonymous_1)
FNDA:0,(anonymous_2)
FNDA:0,(anonymous_3)
FNDA:0,(anonymous_4)
DA:1,0
DA:2,0
DA:3,0
DA:4,0
DA:5,0
DA:7,0
DA:9,0
DA:12,0
DA:15,0
DA:17,0
DA:19,0
DA:22,0
DA:23,0
DA:26,0
LF:14
LH:0
BRF:0
BRH:0
end_of_record
TN:
SF:src/controllers/crudController.ts
FN:9,(anonymous_7)
FN:13,(anonymous_8)
FN:13,(anonymous_9)
FN:23,(anonymous_10)
FN:23,(anonymous_11)
FN:34,(anonymous_12)
FN:34,(anonymous_13)
FN:46,(anonymous_14)
FN:46,(anonymous_15)
FN:57,(anonymous_16)
FN:57,(anonymous_17)
FNF:11
FNH:0
FNDA:0,(anonymous_7)
FNDA:0,(anonymous_8)
FNDA:0,(anonymous_9)
FNDA:0,(anonymous_10)
FNDA:0,(anonymous_11)
FNDA:0,(anonymous_12)
FNDA:0,(anonymous_13)
FNDA:0,(anonymous_14)
FNDA:0,(anonymous_15)
FNDA:0,(anonymous_16)
FNDA:0,(anonymous_17)
DA:2,0
DA:10,0
DA:13,0
DA:14,0
DA:15,0
DA:16,0
DA:19,0
DA:23,0
DA:24,0
DA:25,0
DA:26,0
DA:27,0
DA:30,0
DA:34,0
DA:35,0
DA:36,0
DA:37,0
DA:38,0
DA:39,0
DA:42,0
DA:46,0
DA:47,0
DA:48,0
DA:49,0
DA:50,0
DA:51,0
DA:54,0
DA:57,0
DA:58,0
DA:59,0
DA:60,0
DA:61,0
DA:64,0
DA:71,0
LF:34
LH:0
BRF:0
BRH:0
end_of_record
TN:
SF:src/routes/router.ts
FN:6,(anonymous_1)
FNF:1
FNH:0
FNDA:0,(anonymous_1)
DA:1,0
DA:2,0
DA:3,0
DA:6,0
DA:7,0
DA:9,0
DA:11,0
DA:15,0
DA:20,0
DA:23,0
DA:25,0
DA:26,0
DA:27,0
DA:28,0
DA:31,0
LF:15
LH:0
BRF:0
BRH:0
end_of_record
TN:
SF:src/service/crewService.ts
FN:12,(anonymous_7)
FN:16,(anonymous_8)
FN:20,(anonymous_10)
FN:29,(anonymous_12)
FN:38,(anonymous_14)
FN:51,(anonymous_16)
FNF:6
FNH:0
FNDA:0,(anonymous_7)
FNDA:0,(anonymous_8)
FNDA:0,(anonymous_10)
FNDA:0,(anonymous_12)
FNDA:0,(anonymous_14)
FNDA:0,(anonymous_16)
DA:13,0
DA:14,0
DA:17,0
DA:21,0
DA:23,0
DA:24,0
DA:26,0
DA:30,0
DA:31,0
DA:32,0
DA:33,0
DA:35,0
DA:39,0
DA:41,0
DA:42,0
DA:43,0
DA:44,0
DA:47,0
DA:48,0
DA:52,0
DA:53,0
DA:54,0
DA:59,0
LF:23
LH:0
BRDA:23,0,0,0
BRDA:47,1,0,0
BRDA:53,2,0,0
BRF:3
BRH:0
end_of_record
TN:
SF:src/service/crewmanService.ts
FN:9,(anonymous_7)
FN:13,(anonymous_8)
FN:17,(anonymous_10)
FN:26,(anonymous_12)
FN:30,(anonymous_14)
FN:37,(anonymous_16)
FNF:6
FNH:5
FNDA:6,(anonymous_7)
FNDA:1,(anonymous_8)
FNDA:4,(anonymous_10)
FNDA:1,(anonymous_12)
FNDA:1,(anonymous_14)
FNDA:0,(anonymous_16)
DA:10,6
DA:14,1
DA:18,4
DA:20,4
DA:21,2
DA:23,2
DA:27,1
DA:31,1
DA:33,1
DA:34,1
DA:38,0
DA:39,0
DA:40,0
DA:45,1
LF:14
LH:11
BRDA:20,0,0,2
BRDA:33,1,0,1
BRDA:39,2,0,0
BRF:3
BRH:2
end_of_record
TN:
SF:src/service/index.ts
FNF:0
FNH:0
DA:1,0
DA:2,0
DA:3,0
DA:4,0
DA:5,0
DA:7,0
DA:8,0
DA:9,0
DA:10,0
DA:13,0
DA:14,0
DA:15,0
DA:16,0
LF:13
LH:0
BRF:0
BRH:0
end_of_record
TN:
SF:src/service/launchService.ts
FN:14,(anonymous_7)
FN:21,(anonymous_8)
FN:25,(anonymous_10)
FN:34,(anonymous_12)
FN:41,(anonymous_14)
FN:52,(anonymous_16)
FNF:6
FNH:0
FNDA:0,(anonymous_7)
FNDA:0,(anonymous_8)
FNDA:0,(anonymous_10)
FNDA:0,(anonymous_12)
FNDA:0,(anonymous_14)
FNDA:0,(anonymous_16)
DA:15,0
DA:16,0
DA:17,0
DA:22,0
DA:26,0
DA:28,0
DA:29,0
DA:31,0
DA:35,0
DA:36,0
DA:38,0
DA:43,0
DA:45,0
DA:46,0
DA:48,0
DA:49,0
DA:53,0
DA:54,0
DA:55,0
DA:60,0
LF:20
LH:0
BRDA:28,0,0,0
BRDA:48,1,0,0
BRDA:54,2,0,0
BRF:3
BRH:0
end_of_record
TN:
SF:src/service/rocketService.ts
FN:9,(anonymous_7)
FN:13,(anonymous_8)
FN:17,(anonymous_10)
FN:25,(anonymous_12)
FN:29,(anonymous_14)
FN:36,(anonymous_16)
FNF:6
FNH:5
FNDA:6,(anonymous_7)
FNDA:1,(anonymous_8)
FNDA:4,(anonymous_10)
FNDA:1,(anonymous_12)
FNDA:1,(anonymous_14)
FNDA:0,(anonymous_16)
DA:10,6
DA:14,1
DA:18,4
DA:19,4
DA:20,1
DA:22,3
DA:26,1
DA:30,1
DA:32,1
DA:33,1
DA:37,0
DA:38,0
DA:39,0
DA:44,1
LF:14
LH:11
BRDA:19,0,0,1
BRDA:32,1,0,1
BRDA:38,2,0,0
BRF:3
BRH:2
end_of_record
